Watching for file changes with StatReloader
Watching for file changes with StatReloader
Not Found: /
"GET / HTTP/1.1" 404 2546
Not Found: /favicon.ico
"GET /favicon.ico HTTP/1.1" 404 2597
Not Found: /graphql
"POST /graphql HTTP/1.1" 404 2586
/home/kayewi/Documents/ALX_SE/alx-project-nexus/backend/urls.py changed, reloading.
Watching for file changes with StatReloader
Watching for file changes with StatReloader
"GET / HTTP/1.1" 200 40
"GET /admin/ HTTP/1.1" 302 0
"GET /admin/login/?next=/admin/ HTTP/1.1" 200 4178
"GET /static/admin/css/dark_mode.css HTTP/1.1" 304 0
"GET /static/admin/css/nav_sidebar.css HTTP/1.1" 304 0
"GET /static/admin/css/login.css HTTP/1.1" 304 0
"GET /static/admin/js/theme.js HTTP/1.1" 304 0
"GET /static/admin/css/responsive.css HTTP/1.1" 304 0
"GET /static/admin/js/nav_sidebar.js HTTP/1.1" 304 0
"GET /static/admin/css/base.css HTTP/1.1" 200 21310
"POST /admin/login/?next=/admin/ HTTP/1.1" 200 4337
"POST /admin/login/?next=/admin/ HTTP/1.1" 200 4337
"POST /admin/login/?next=/admin/ HTTP/1.1" 200 4337
"POST /admin/login/?next=/admin/ HTTP/1.1" 200 4337
"POST /admin/login/?next=/admin/ HTTP/1.1" 200 4362
"POST /admin/login/?next=/admin/ HTTP/1.1" 302 0
"GET /admin/ HTTP/1.1" 200 7196
"GET /static/admin/css/dashboard.css HTTP/1.1" 304 0
"GET /static/admin/img/icon-addlink.svg HTTP/1.1" 304 0
"GET /static/admin/img/icon-changelink.svg HTTP/1.1" 304 0
"GET /admin/movies/movie/add/ HTTP/1.1" 200 16984
"GET /static/admin/css/forms.css HTTP/1.1" 200 9090
"GET /static/admin/js/calendar.js HTTP/1.1" 304 0
"GET /static/admin/js/admin/DateTimeShortcuts.js HTTP/1.1" 200 19319
"GET /static/admin/js/vendor/xregexp/xregexp.js HTTP/1.1" 200 232381
"GET /static/admin/js/jquery.init.js HTTP/1.1" 304 0
"GET /static/admin/js/core.js HTTP/1.1" 304 0
"GET /static/admin/js/admin/RelatedObjectLookups.js HTTP/1.1" 304 0
"GET /admin/jsi18n/ HTTP/1.1" 200 3343
"GET /static/admin/js/vendor/jquery/jquery.js HTTP/1.1" 200 292458
"GET /static/admin/js/actions.js HTTP/1.1" 304 0
"GET /static/admin/js/urlify.js HTTP/1.1" 304 0
"GET /static/admin/js/prepopulate.js HTTP/1.1" 304 0
"GET /static/admin/js/prepopulate_init.js HTTP/1.1" 304 0
"GET /static/admin/css/widgets.css HTTP/1.1" 200 11921
"GET /static/admin/js/change_form.js HTTP/1.1" 304 0
"GET /static/admin/img/icon-calendar.svg HTTP/1.1" 200 1086
Not Found: /graphql
"POST /graphql HTTP/1.1" 404 2699
"POST /admin/movies/movie/add/ HTTP/1.1" 200 17176
"GET /admin/jsi18n/ HTTP/1.1" 200 3343
"POST /admin/movies/movie/add/ HTTP/1.1" 200 17180
"GET /admin/jsi18n/ HTTP/1.1" 200 3343
Internal Server Error: /admin/movies/movie/add/
Traceback (most recent call last):
  File "/home/kayewi/.local/lib/python3.9/site-packages/django/db/backends/utils.py", line 89, in _execute
    return self.cursor.execute(sql, params)
psycopg2.errors.NotNullViolation: null value in column "tmdb_id" of relation "movies_movie" violates not-null constraint
DETAIL:  Failing row contains (1, null, Taken, Movie about ..., 1998-12-09, , , 0.0, 0, 0, {"id": "4", "genre_id": "thriller"}, f, , 2025-08-05 11:46:43.706964+00, 2025-08-05 11:46:43.706991+00).


The above exception was the direct cause of the following exception:

Traceback (most recent call last):
  File "/home/kayewi/.local/lib/python3.9/site-packages/django/core/handlers/exception.py", line 55, in inner
    response = get_response(request)
  File "/home/kayewi/.local/lib/python3.9/site-packages/django/core/handlers/base.py", line 197, in _get_response
    response = wrapped_callback(request, *callback_args, **callback_kwargs)
  File "/home/kayewi/.local/lib/python3.9/site-packages/django/contrib/admin/options.py", line 688, in wrapper
    return self.admin_site.admin_view(view)(*args, **kwargs)
  File "/home/kayewi/.local/lib/python3.9/site-packages/django/utils/decorators.py", line 134, in _wrapper_view
    response = view_func(request, *args, **kwargs)
  File "/home/kayewi/.local/lib/python3.9/site-packages/django/views/decorators/cache.py", line 62, in _wrapper_view_func
    response = view_func(request, *args, **kwargs)
  File "/home/kayewi/.local/lib/python3.9/site-packages/django/contrib/admin/sites.py", line 242, in inner
    return view(request, *args, **kwargs)
  File "/home/kayewi/.local/lib/python3.9/site-packages/django/contrib/admin/options.py", line 1886, in add_view
    return self.changeform_view(request, None, form_url, extra_context)
  File "/home/kayewi/.local/lib/python3.9/site-packages/django/utils/decorators.py", line 46, in _wrapper
    return bound_method(*args, **kwargs)
  File "/home/kayewi/.local/lib/python3.9/site-packages/django/utils/decorators.py", line 134, in _wrapper_view
    response = view_func(request, *args, **kwargs)
  File "/home/kayewi/.local/lib/python3.9/site-packages/django/contrib/admin/options.py", line 1747, in changeform_view
    return self._changeform_view(request, object_id, form_url, extra_context)
  File "/home/kayewi/.local/lib/python3.9/site-packages/django/contrib/admin/options.py", line 1798, in _changeform_view
    self.save_model(request, new_object, form, not add)
  File "/home/kayewi/.local/lib/python3.9/site-packages/django/contrib/admin/options.py", line 1227, in save_model
    obj.save()
  File "/home/kayewi/.local/lib/python3.9/site-packages/django/db/models/base.py", line 814, in save
    self.save_base(
  File "/home/kayewi/.local/lib/python3.9/site-packages/django/db/models/base.py", line 877, in save_base
    updated = self._save_table(
  File "/home/kayewi/.local/lib/python3.9/site-packages/django/db/models/base.py", line 1020, in _save_table
    results = self._do_insert(
  File "/home/kayewi/.local/lib/python3.9/site-packages/django/db/models/base.py", line 1061, in _do_insert
    return manager._insert(
  File "/home/kayewi/.local/lib/python3.9/site-packages/django/db/models/manager.py", line 87, in manager_method
    return getattr(self.get_queryset(), name)(*args, **kwargs)
  File "/home/kayewi/.local/lib/python3.9/site-packages/django/db/models/query.py", line 1805, in _insert
    return query.get_compiler(using=using).execute_sql(returning_fields)
  File "/home/kayewi/.local/lib/python3.9/site-packages/django/db/models/sql/compiler.py", line 1822, in execute_sql
    cursor.execute(sql, params)
  File "/home/kayewi/.local/lib/python3.9/site-packages/django/db/backends/utils.py", line 102, in execute
    return super().execute(sql, params)
  File "/home/kayewi/.local/lib/python3.9/site-packages/django/db/backends/utils.py", line 67, in execute
    return self._execute_with_wrappers(
  File "/home/kayewi/.local/lib/python3.9/site-packages/django/db/backends/utils.py", line 80, in _execute_with_wrappers
    return executor(sql, params, many, context)
  File "/home/kayewi/.local/lib/python3.9/site-packages/django/db/backends/utils.py", line 89, in _execute
    return self.cursor.execute(sql, params)
  File "/home/kayewi/.local/lib/python3.9/site-packages/django/db/utils.py", line 91, in __exit__
    raise dj_exc_value.with_traceback(traceback) from exc_value
  File "/home/kayewi/.local/lib/python3.9/site-packages/django/db/backends/utils.py", line 89, in _execute
    return self.cursor.execute(sql, params)
django.db.utils.IntegrityError: null value in column "tmdb_id" of relation "movies_movie" violates not-null constraint
DETAIL:  Failing row contains (1, null, Taken, Movie about ..., 1998-12-09, , , 0.0, 0, 0, {"id": "4", "genre_id": "thriller"}, f, , 2025-08-05 11:46:43.706964+00, 2025-08-05 11:46:43.706991+00).

"POST /admin/movies/movie/add/ HTTP/1.1" 500 195207
"GET /admin/movies/movie/ HTTP/1.1" 200 9807
"GET /static/admin/css/changelists.css HTTP/1.1" 200 6566
"GET /static/admin/img/search.svg HTTP/1.1" 200 458
"GET /admin/jsi18n/ HTTP/1.1" 200 3343
"GET /static/admin/js/filters.js HTTP/1.1" 200 978
"GET /static/admin/img/tooltag-add.svg HTTP/1.1" 200 331
"GET /admin/movies/movie/add/ HTTP/1.1" 200 16984
"GET /admin/jsi18n/ HTTP/1.1" 200 3343
Not Found: /graphql
"POST /graphql HTTP/1.1" 404 2699
Not Found: /graphql
"POST /graphql HTTP/1.1" 404 2699
Not Found: /graphql
"POST /graphql HTTP/1.1" 404 2699
Not Found: /graphql
"POST /graphql HTTP/1.1" 404 2699
Not Found: /graphql
"POST /graphql HTTP/1.1" 404 2699
Not Found: /graphql
"POST /graphql HTTP/1.1" 404 2699
Not Found: /graphql
"POST /graphql HTTP/1.1" 404 2699
Not Found: /graphql
"POST /graphql HTTP/1.1" 404 2699
Not Found: /graphql
"POST /graphql HTTP/1.1" 404 2699
Not Found: /graphql
"POST /graphql HTTP/1.1" 404 2699
Not Found: /graphql
"POST /graphql HTTP/1.1" 404 2699
Not Found: /graphql
"POST /graphql HTTP/1.1" 404 2699
Not Found: /graphql
"POST /graphql HTTP/1.1" 404 2699
Not Found: /graphql
"POST /graphql HTTP/1.1" 404 2699
Not Found: /graphql
"POST /graphql HTTP/1.1" 404 2699
